#
# There is insufficient memory for the Java Runtime Environment to continue.
# Native memory allocation (malloc) failed to allocate 18446744073709535248 bytes for Arena::Amalloc
# Possible reasons:
#   The system is out of physical RAM or swap space
#   In 32 bit mode, the process size limit was hit
# Possible solutions:
#   Reduce memory load on the system
#   Increase physical memory or swap space
#   Check if swap backing store is full
#   Use 64 bit Java on a 64 bit OS
#   Decrease Java heap size (-Xmx/-Xms)
#   Decrease number of Java threads
#   Decrease Java thread stack sizes (-Xss)
#   Set larger code cache with -XX:ReservedCodeCacheSize=
# This output file may be truncated or incomplete.
#
#  Out of Memory Error (allocation.cpp:551), pid=6424, tid=0x00000000000014f4
#
# JRE version: OpenJDK Runtime Environment (8.0_152-b06) (build 1.8.0_152-release-1136-b06)
# Java VM: OpenJDK 64-Bit Server VM (25.152-b06 mixed mode windows-amd64 compressed oops)
# Failed to write core dump. Minidumps are not enabled by default on client versions of Windows
#

---------------  T H R E A D  ---------------

Current thread (0x0000000016729800):  JavaThread "C2 CompilerThread0" daemon [_thread_in_native, id=5364, stack(0x0000000017da0000,0x0000000017ea0000)]

Stack: [0x0000000017da0000,0x0000000017ea0000]
[error occurred during error reporting (printing stack bounds), id 0xc0000005]

Native frames: (J=compiled Java code, j=interpreted, Vv=VM code, C=native code)


Current CompileTask:
C2:   7318 2820       4       org.codehaus.groovy.reflection.CachedMethod::compareTo (25 bytes)


---------------  P R O C E S S  ---------------

Java Threads: ( => current thread )
  0x0000000018ca1000 JavaThread "Build operations Thread 4" [_thread_blocked, id=11528, stack(0x00000000213b0000,0x00000000214b0000)]
  0x0000000018ca4000 JavaThread "Build operations Thread 3" [_thread_blocked, id=11536, stack(0x00000000212b0000,0x00000000213b0000)]
  0x0000000018c9f800 JavaThread "Build operations Thread 2" [_thread_blocked, id=5816, stack(0x00000000211b0000,0x00000000212b0000)]
  0x0000000018ca3000 JavaThread "Build operations" [_thread_blocked, id=7656, stack(0x000000001fd40000,0x000000001fe40000)]
  0x0000000018ca5800 JavaThread "Cache worker for Artifact transforms cache (C:\Users\tomas\.gradle\caches\transforms-1)" [_thread_blocked, id=8608, stack(0x000000001d3a0000,0x000000001d4a0000)]
  0x0000000018ca4800 JavaThread "Cache worker for file hash cache (T:\Workspace\AndroidStudioProjects\Telm\.gradle\4.6\fileHashes)" [_thread_blocked, id=8808, stack(0x000000001c2d0000,0x000000001c3d0000)]
  0x0000000019921000 JavaThread "File lock request listener" [_thread_in_native, id=8404, stack(0x000000001b200000,0x000000001b300000)]
  0x0000000019644000 JavaThread "Cache worker for file hash cache (C:\Users\tomas\.gradle\caches\4.6\fileHashes)" [_thread_blocked, id=5532, stack(0x000000001b100000,0x000000001b200000)]
  0x0000000019597000 JavaThread "Stdin handler" [_thread_blocked, id=6604, stack(0x000000001ae00000,0x000000001af00000)]
  0x0000000019596800 JavaThread "Asynchronous log dispatcher for DefaultDaemonConnection: socket connection from /127.0.0.1:53170 to /127.0.0.1:53171" [_thread_blocked, id=5752, stack(0x000000001ad00000,0x000000001ae00000)]
  0x00000000195b9800 JavaThread "Daemon worker" [_thread_blocked, id=3736, stack(0x000000001ac00000,0x000000001ad00000)]
  0x00000000195b9000 JavaThread "Cancel handler" [_thread_blocked, id=3676, stack(0x000000001ab00000,0x000000001ac00000)]
  0x000000001837a000 JavaThread "Handler for socket connection from /127.0.0.1:53170 to /127.0.0.1:53171" [_thread_in_native, id=6272, stack(0x000000001a800000,0x000000001a900000)]
  0x0000000018376800 JavaThread "Daemon" [_thread_blocked, id=1256, stack(0x000000001a700000,0x000000001a800000)]
  0x0000000019417000 JavaThread "Daemon periodic checks" [_thread_blocked, id=5420, stack(0x000000001a600000,0x000000001a700000)]
  0x0000000019404000 JavaThread "Incoming local TCP Connector on port 53170" [_thread_in_native, id=5672, stack(0x000000001a3b0000,0x000000001a4b0000)]
  0x00000000180d8800 JavaThread "Service Thread" daemon [_thread_blocked, id=12072, stack(0x00000000184a0000,0x00000000185a0000)]
  0x000000001673d000 JavaThread "C1 CompilerThread2" daemon [_thread_in_vm, id=7764, stack(0x0000000017fa0000,0x00000000180a0000)]
  0x000000001672d800 JavaThread "C2 CompilerThread1" daemon [_thread_in_native, id=10720, stack(0x0000000017ea0000,0x0000000017fa0000)]
=>0x0000000016729800 JavaThread "C2 CompilerThread0" daemon [_thread_in_native, id=5364, stack(0x0000000017da0000,0x0000000017ea0000)]
  0x0000000016728000 JavaThread "Attach Listener" daemon [_thread_blocked, id=908, stack(0x0000000017ca0000,0x0000000017da0000)]
  0x0000000016736800 JavaThread "Signal Dispatcher" daemon [_thread_blocked, id=5708, stack(0x0000000017ba0000,0x0000000017ca0000)]
  0x0000000002dbc000 JavaThread "Finalizer" daemon [_thread_blocked, id=12588, stack(0x0000000017990000,0x0000000017a90000)]
  0x0000000002db1800 JavaThread "Reference Handler" daemon [_thread_blocked, id=7040, stack(0x0000000017890000,0x0000000017990000)]
  0x0000000002c3e800 JavaThread "main" [_thread_blocked, id=5352, stack(0x0000000002ae0000,0x0000000002be0000)]

Other Threads:
  0x00000000166f5800 VMThread [stack: 0x0000000017790000,0x0000000017890000] [id=13092]
  0x000000001678c800 WatcherThread [stack: 0x00000000185a0000,0x00000000186a0000] [id=12268]

VM state:not at safepoint (normal execution)

VM Mutex/Monitor currently owned by a thread: None

Heap:
 PSYoungGen      total 70656K, used 65624K [0x00000000e0000000, 0x00000000e6400000, 0x0000000100000000)
  eden space 60416K, 98% used [0x00000000e0000000,0x00000000e39d8e18,0x00000000e3b00000)
  from space 10240K, 62% used [0x00000000e3b00000,0x00000000e413d280,0x00000000e4500000)
  to   space 9728K, 0% used [0x00000000e5a80000,0x00000000e5a80000,0x00000000e6400000)
 ParOldGen       total 59904K, used 8237K [0x00000000a0000000, 0x00000000a3a80000, 0x00000000e0000000)
  object space 59904K, 13% used [0x00000000a0000000,0x00000000a080b5a8,0x00000000a3a80000)
 Metaspace       used 31320K, capacity 31810K, committed 32048K, reserved 1077248K
  class space    used 4391K, capacity 4544K, committed 4656K, reserved 1048576K

Card table byte_map: [0x0000000012180000,0x0000000012490000] byte_map_base: 0x0000000011c80000

Marking Bits: (ParMarkBitMap*) 0x0000000052a15aa0
 Begin Bits: [0x0000000012a90000, 0x0000000014290000)
 End Bits:   [0x0000000014290000, 0x0000000015a90000)

Polling page: 0x0000000001140000

CodeCache: size=245760Kb used=9729Kb max_used=9740Kb free=236030Kb
 bounds [0x0000000002dc0000, 0x0000000003750000, 0x0000000011dc0000]
 total_blobs=3383 nmethods=2710 adapters=584
 compilation: enabled

Compilation events (10 events):
Event: 7.303 Thread 0x000000001673d000 2940       3       java.util.concurrent.locks.AbstractQueuedSynchronizer::setHead (16 bytes)
Event: 7.303 Thread 0x000000001673d000 nmethod 2940 0x00000000037177d0 code [0x0000000003717920, 0x0000000003717ad0]
Event: 7.303 Thread 0x000000001672d800 nmethod 2813 0x0000000003747c50 code [0x0000000003747f40, 0x00000000037490c8]
Event: 7.303 Thread 0x000000001672d800 2821       4       java.util.HashMap$HashIterator::hasNext (13 bytes)
Event: 7.304 Thread 0x000000001672d800 nmethod 2821 0x0000000003208d90 code [0x0000000003208ec0, 0x0000000003208f38]
Event: 7.304 Thread 0x000000001672d800 2937   !   4       java.lang.ref.ReferenceQueue::poll (28 bytes)
Event: 7.306 Thread 0x000000001672d800 nmethod 2937 0x000000000373d610 code [0x000000000373d760, 0x000000000373daa8]
Event: 7.306 Thread 0x000000001672d800 2884       4       java.util.jar.Attributes$Name::hashCode (24 bytes)
Event: 7.308 Thread 0x000000001673d000 2942       3       java.lang.invoke.MemberName::isResolved (13 bytes)
Event: 7.308 Thread 0x000000001673d000 nmethod 2942 0x0000000003717450 code [0x00000000037175a0, 0x0000000003717750]

GC Heap History (10 events):
Event: 3.752 GC heap before
{Heap before GC invocations=4 (full 0):
 PSYoungGen      total 38400K, used 38371K [0x00000000e0000000, 0x00000000e2a80000, 0x0000000100000000)
  eden space 33280K, 100% used [0x00000000e0000000,0x00000000e2080000,0x00000000e2080000)
  from space 5120K, 99% used [0x00000000e2080000,0x00000000e2578e48,0x00000000e2580000)
  to   space 5120K, 0% used [0x00000000e2580000,0x00000000e2580000,0x00000000e2a80000)
 ParOldGen       total 87552K, used 2159K [0x00000000a0000000, 0x00000000a5580000, 0x00000000e0000000)
  object space 87552K, 2% used [0x00000000a0000000,0x00000000a021bdb0,0x00000000a5580000)
 Metaspace       used 17351K, capacity 17814K, committed 18048K, reserved 1064960K
  class space    used 2512K, capacity 2659K, committed 2688K, reserved 1048576K
Event: 3.771 GC heap after
Heap after GC invocations=4 (full 0):
 PSYoungGen      total 38400K, used 5088K [0x00000000e0000000, 0x00000000e4b00000, 0x0000000100000000)
  eden space 33280K, 0% used [0x00000000e0000000,0x00000000e0000000,0x00000000e2080000)
  from space 5120K, 99% used [0x00000000e2580000,0x00000000e2a78020,0x00000000e2a80000)
  to   space 5120K, 0% used [0x00000000e2080000,0x00000000e2080000,0x00000000e2580000)
 ParOldGen       total 87552K, used 5354K [0x00000000a0000000, 0x00000000a5580000, 0x00000000e0000000)
  object space 87552K, 6% used [0x00000000a0000000,0x00000000a053aa08,0x00000000a5580000)
 Metaspace       used 17351K, capacity 17814K, committed 18048K, reserved 1064960K
  class space    used 2512K, capacity 2659K, committed 2688K, reserved 1048576K
}
Event: 4.168 GC heap before
{Heap before GC invocations=5 (full 0):
 PSYoungGen      total 38400K, used 22868K [0x00000000e0000000, 0x00000000e4b00000, 0x0000000100000000)
  eden space 33280K, 53% used [0x00000000e0000000,0x00000000e115cfe8,0x00000000e2080000)
  from space 5120K, 99% used [0x00000000e2580000,0x00000000e2a78020,0x00000000e2a80000)
  to   space 5120K, 0% used [0x00000000e2080000,0x00000000e2080000,0x00000000e2580000)
 ParOldGen       total 87552K, used 5354K [0x00000000a0000000, 0x00000000a5580000, 0x00000000e0000000)
  object space 87552K, 6% used [0x00000000a0000000,0x00000000a053aa08,0x00000000a5580000)
 Metaspace       used 20860K, capacity 21244K, committed 21296K, reserved 1067008K
  class space    used 2924K, capacity 3076K, committed 3120K, reserved 1048576K
Event: 4.181 GC heap after
Heap after GC invocations=5 (full 0):
 PSYoungGen      total 38400K, used 5094K [0x00000000e0000000, 0x00000000e5500000, 0x0000000100000000)
  eden space 33280K, 0% used [0x00000000e0000000,0x00000000e0000000,0x00000000e2080000)
  from space 5120K, 99% used [0x00000000e2080000,0x00000000e2579a38,0x00000000e2580000)
  to   space 10240K, 0% used [0x00000000e4b00000,0x00000000e4b00000,0x00000000e5500000)
 ParOldGen       total 87552K, used 8248K [0x00000000a0000000, 0x00000000a5580000, 0x00000000e0000000)
  object space 87552K, 9% used [0x00000000a0000000,0x00000000a080e210,0x00000000a5580000)
 Metaspace       used 20860K, capacity 21244K, committed 21296K, reserved 1067008K
  class space    used 2924K, capacity 3076K, committed 3120K, reserved 1048576K
}
Event: 4.181 GC heap before
{Heap before GC invocations=6 (full 1):
 PSYoungGen      total 38400K, used 5094K [0x00000000e0000000, 0x00000000e5500000, 0x0000000100000000)
  eden space 33280K, 0% used [0x00000000e0000000,0x00000000e0000000,0x00000000e2080000)
  from space 5120K, 99% used [0x00000000e2080000,0x00000000e2579a38,0x00000000e2580000)
  to   space 10240K, 0% used [0x00000000e4b00000,0x00000000e4b00000,0x00000000e5500000)
 ParOldGen       total 87552K, used 8248K [0x00000000a0000000, 0x00000000a5580000, 0x00000000e0000000)
  object space 87552K, 9% used [0x00000000a0000000,0x00000000a080e210,0x00000000a5580000)
 Metaspace       used 20860K, capacity 21244K, committed 21296K, reserved 1067008K
  class space    used 2924K, capacity 3076K, committed 3120K, reserved 1048576K
Event: 4.234 GC heap after
Heap after GC invocations=6 (full 1):
 PSYoungGen      total 38400K, used 0K [0x00000000e0000000, 0x00000000e5500000, 0x0000000100000000)
  eden space 33280K, 0% used [0x00000000e0000000,0x00000000e0000000,0x00000000e2080000)
  from space 5120K, 0% used [0x00000000e2080000,0x00000000e2080000,0x00000000e2580000)
  to   space 10240K, 0% used [0x00000000e4b00000,0x00000000e4b00000,0x00000000e5500000)
 ParOldGen       total 59904K, used 8221K [0x00000000a0000000, 0x00000000a3a80000, 0x00000000e0000000)
  object space 59904K, 13% used [0x00000000a0000000,0x00000000a08075a8,0x00000000a3a80000)
 Metaspace       used 20860K, capacity 21244K, committed 21296K, reserved 1067008K
  class space    used 2924K, capacity 3076K, committed 3120K, reserved 1048576K
}
Event: 4.909 GC heap before
{Heap before GC invocations=7 (full 1):
 PSYoungGen      total 38400K, used 33280K [0x00000000e0000000, 0x00000000e5500000, 0x0000000100000000)
  eden space 33280K, 100% used [0x00000000e0000000,0x00000000e2080000,0x00000000e2080000)
  from space 5120K, 0% used [0x00000000e2080000,0x00000000e2080000,0x00000000e2580000)
  to   space 10240K, 0% used [0x00000000e4b00000,0x00000000e4b00000,0x00000000e5500000)
 ParOldGen       total 59904K, used 8221K [0x00000000a0000000, 0x00000000a3a80000, 0x00000000e0000000)
  object space 59904K, 13% used [0x00000000a0000000,0x00000000a08075a8,0x00000000a3a80000)
 Metaspace       used 24011K, capacity 24428K, committed 24496K, reserved 1071104K
  class space    used 3305K, capacity 3469K, committed 3504K, reserved 1048576K
Event: 4.917 GC heap after
Heap after GC invocations=7 (full 1):
 PSYoungGen      total 56320K, used 3807K [0x00000000e0000000, 0x00000000e4f00000, 0x0000000100000000)
  eden space 52224K, 0% used [0x00000000e0000000,0x00000000e0000000,0x00000000e3300000)
  from space 4096K, 92% used [0x00000000e4b00000,0x00000000e4eb7e10,0x00000000e4f00000)
  to   space 10240K, 0% used [0x00000000e3b00000,0x00000000e3b00000,0x00000000e4500000)
 ParOldGen       total 59904K, used 8229K [0x00000000a0000000, 0x00000000a3a80000, 0x00000000e0000000)
  object space 59904K, 13% used [0x00000000a0000000,0x00000000a08095a8,0x00000000a3a80000)
 Metaspace       used 24011K, capacity 24428K, committed 24496K, reserved 1071104K
  class space    used 3305K, capacity 3469K, committed 3504K, reserved 1048576K
}
Event: 5.861 GC heap before
{Heap before GC invocations=8 (full 1):
 PSYoungGen      total 56320K, used 56031K [0x00000000e0000000, 0x00000000e4f00000, 0x0000000100000000)
  eden space 52224K, 100% used [0x00000000e0000000,0x00000000e3300000,0x00000000e3300000)
  from space 4096K, 92% used [0x00000000e4b00000,0x00000000e4eb7e10,0x00000000e4f00000)
  to   space 10240K, 0% used [0x00000000e3b00000,0x00000000e3b00000,0x00000000e4500000)
 ParOldGen       total 59904K, used 8229K [0x00000000a0000000, 0x00000000a3a80000, 0x00000000e0000000)
  object space 59904K, 13% used [0x00000000a0000000,0x00000000a08095a8,0x00000000a3a80000)
 Metaspace       used 27775K, capacity 28220K, committed 28464K, reserved 1073152K
  class space    used 3882K, capacity 4027K, committed 4144K, reserved 1048576K
Event: 5.880 GC heap after
Heap after GC invocations=8 (full 1):
 PSYoungGen      total 70656K, used 6388K [0x00000000e0000000, 0x00000000e6400000, 0x0000000100000000)
  eden space 60416K, 0% used [0x00000000e0000000,0x00000000e0000000,0x00000000e3b00000)
  from space 10240K, 62% used [0x00000000e3b00000,0x00000000e413d280,0x00000000e4500000)
  to   space 9728K, 0% used [0x00000000e5a80000,0x00000000e5a80000,0x00000000e6400000)
 ParOldGen       total 59904K, used 8237K [0x00000000a0000000, 0x00000000a3a80000, 0x00000000e0000000)
  object space 59904K, 13% used [0x00000000a0000000,0x00000000a080b5a8,0x00000000a3a80000)
 Metaspace       used 27775K, capacity 28220K, committed 28464K, reserved 1073152K
  class space    used 3882K, capacity 4027K, committed 4144K, reserved 1048576K
}

Deoptimization events (10 events):
Event: 6.504 Thread 0x0000000018ca1000 Uncommon trap: reason=unstable_if action=reinterpret pc=0x0000000003224554 method=java.util.concurrent.ConcurrentHashMap.addCount(JI)V @ 168
Event: 6.504 Thread 0x00000000195b9800 Uncommon trap: reason=unstable_if action=reinterpret pc=0x000000000323d7fc method=java.util.concurrent.ConcurrentHashMap.transfer([Ljava/util/concurrent/ConcurrentHashMap$Node;[Ljava/util/concurrent/ConcurrentHashMap$Node;)V @ 277
Event: 6.504 Thread 0x00000000195b9800 Uncommon trap: reason=unstable_if action=reinterpret pc=0x0000000003316bd4 method=java.util.concurrent.ConcurrentHashMap.addCount(JI)V @ 168
Event: 6.548 Thread 0x00000000195b9800 Uncommon trap: reason=unstable_if action=reinterpret pc=0x00000000036b9a68 method=java.util.concurrent.ConcurrentHashMap.get(Ljava/lang/Object;)Ljava/lang/Object; @ 86
Event: 6.906 Thread 0x00000000195b9800 Uncommon trap: reason=unstable_if action=reinterpret pc=0x00000000035c7000 method=java.net.URLClassLoader.isSealed(Ljava/lang/String;Ljava/util/jar/Manifest;)Z @ 26
Event: 6.907 Thread 0x00000000195b9800 Uncommon trap: reason=unstable_if action=reinterpret pc=0x00000000035a2f60 method=java.net.URLClassLoader.isSealed(Ljava/lang/String;Ljava/util/jar/Manifest;)Z @ 26
Event: 6.988 Thread 0x00000000195b9800 Uncommon trap: reason=range_check action=make_not_entrant pc=0x000000000367d2f4 method=java.lang.String.charAt(I)C @ 27
Event: 7.265 Thread 0x00000000195b9800 Uncommon trap: reason=class_check action=maybe_recompile pc=0x000000000368a2c4 method=java.io.BufferedInputStream.read1([BII)I @ 39
Event: 7.266 Thread 0x00000000195b9800 Uncommon trap: reason=class_check action=maybe_recompile pc=0x000000000368a2c4 method=java.io.BufferedInputStream.read1([BII)I @ 39
Event: 7.266 Thread 0x00000000195b9800 Uncommon trap: reason=class_check action=maybe_recompile pc=0x000000000368a2c4 method=java.io.BufferedInputStream.read1([BII)I @ 39

Classes redefined (0 events):
No events

Internal exceptions (10 events):
Event: 7.065 Thread 0x00000000195b9800 Exception <a 'java/lang/ClassNotFoundException': org/gradle/api/internal/AbstractTaskBeanInfo> (0x00000000e2f88ff8) thrown at [D:\src\AOSP-openjdk-cygwin\jdk8u\hotspot\src\share\vm\classfile\systemDictionary.cpp, line 210]
Event: 7.066 Thread 0x00000000195b9800 Exception <a 'java/lang/ClassNotFoundException': org/gradle/api/internal/AbstractTaskCustomizer> (0x00000000e2fb57b0) thrown at [D:\src\AOSP-openjdk-cygwin\jdk8u\hotspot\src\share\vm\classfile\systemDictionary.cpp, line 210]
Event: 7.072 Thread 0x00000000195b9800 Exception <a 'java/lang/ClassNotFoundException': org/gradle/api/DefaultTaskCustomizer> (0x00000000e303f628) thrown at [D:\src\AOSP-openjdk-cygwin\jdk8u\hotspot\src\share\vm\classfile\systemDictionary.cpp, line 210]
Event: 7.073 Thread 0x00000000195b9800 Exception <a 'java/lang/ClassNotFoundException': org/gradle/api/internal/ConventionTaskCustomizer> (0x00000000e307b838) thrown at [D:\src\AOSP-openjdk-cygwin\jdk8u\hotspot\src\share\vm\classfile\systemDictionary.cpp, line 210]
Event: 7.077 Thread 0x00000000195b9800 Exception <a 'java/lang/ClassNotFoundException': org/gradle/api/tasks/DeleteCustomizer> (0x00000000e30b5250) thrown at [D:\src\AOSP-openjdk-cygwin\jdk8u\hotspot\src\share\vm\classfile\systemDictionary.cpp, line 210]
Event: 7.079 Thread 0x00000000195b9800 Exception <a 'java/lang/ClassNotFoundException': org/gradle/api/tasks/Delete_DecoratedCustomizer> (0x00000000e30fcc68) thrown at [D:\src\AOSP-openjdk-cygwin\jdk8u\hotspot\src\share\vm\classfile\systemDictionary.cpp, line 210]
Event: 7.141 Thread 0x00000000195b9800 Exception <a 'java/lang/ClassNotFoundException': build_dgxi9if6a4v6n1f4oc3ej7aueBeanInfo> (0x00000000e3236c50) thrown at [D:\src\AOSP-openjdk-cygwin\jdk8u\hotspot\src\share\vm\classfile\systemDictionary.cpp, line 210]
Event: 7.141 Thread 0x00000000195b9800 Exception <a 'java/lang/ClassNotFoundException': build_dgxi9if6a4v6n1f4oc3ej7aueCustomizer> (0x00000000e3241658) thrown at [D:\src\AOSP-openjdk-cygwin\jdk8u\hotspot\src\share\vm\classfile\systemDictionary.cpp, line 210]
Event: 7.147 Thread 0x00000000195b9800 Exception <a 'java/lang/ClassNotFoundException': org/gradle/api/internal/plugins/DefaultObjectConfigurationActionBeanInfo> (0x00000000e32a95a8) thrown at [D:\src\AOSP-openjdk-cygwin\jdk8u\hotspot\src\share\vm\classfile\systemDictionary.cpp, line 210]
Event: 7.148 Thread 0x00000000195b9800 Exception <a 'java/lang/ClassNotFoundException': org/gradle/api/internal/plugins/DefaultObjectConfigurationActionCustomizer> (0x00000000e32e3258) thrown at [D:\src\AOSP-openjdk-cygwin\jdk8u\hotspot\src\share\vm\classfile\systemDictionary.cpp, line 210]

Events (10 events):
Event: 7.306 loading class java/util/stream/StreamOpFlag$Type done
Event: 7.306 loading class java/util/stream/StreamOpFlag$MaskBuilder
Event: 7.306 loading class java/util/stream/StreamOpFlag$MaskBuilder done
Event: 7.308 loading class com/android/build/gradle/options/Option
Event: 7.308 loading class com/android/build/gradle/options/Option done
Event: 7.308 loading class com/android/build/gradle/options/Option
Event: 7.308 loading class com/android/build/gradle/options/Option done
Event: 7.308 loading class com/android/build/gradle/options/Option
Event: 7.308 loading class com/android/build/gradle/options/Option done
Event: 7.309 loading class java/util/stream/Collectors


Dynamic libraries:
0x00007ff603760000 - 0x00007ff603791000 	C:\Program Files\Android\Android Studio\jre\bin\java.exe
0x00007ffa622e0000 - 0x00007ffa624c1000 	C:\WINDOWS\SYSTEM32\ntdll.dll
0x00007ffa3c0a0000 - 0x00007ffa3c0b4000 	C:\Program Files\AVG\Antivirus\x64\aswhooka.dll
0x00007ffa5f7d0000 - 0x00007ffa5f882000 	C:\WINDOWS\System32\KERNEL32.DLL
0x00007ffa5ea40000 - 0x00007ffa5ecb3000 	C:\WINDOWS\System32\KERNELBASE.dll
0x00007ffa5f8f0000 - 0x00007ffa5f991000 	C:\WINDOWS\System32\ADVAPI32.dll
0x00007ffa62190000 - 0x00007ffa6222e000 	C:\WINDOWS\System32\msvcrt.dll
0x00007ffa60920000 - 0x00007ffa6097b000 	C:\WINDOWS\System32\sechost.dll
0x00007ffa5f9b0000 - 0x00007ffa5fad4000 	C:\WINDOWS\System32\RPCRT4.dll
0x00007ffa60a30000 - 0x00007ffa60bc0000 	C:\WINDOWS\System32\USER32.dll
0x00007ffa5f750000 - 0x00007ffa5f770000 	C:\WINDOWS\System32\win32u.dll
0x00007ffa60980000 - 0x00007ffa609a8000 	C:\WINDOWS\System32\GDI32.dll
0x00007ffa5e6b0000 - 0x00007ffa5e842000 	C:\WINDOWS\System32\gdi32full.dll
0x00007ffa5f650000 - 0x00007ffa5f6ef000 	C:\WINDOWS\System32\msvcp_win.dll
0x00007ffa5f550000 - 0x00007ffa5f64a000 	C:\WINDOWS\System32\ucrtbase.dll
0x00007ffa4c770000 - 0x00007ffa4c9d9000 	C:\WINDOWS\WinSxS\amd64_microsoft.windows.common-controls_6595b64144ccf1df_6.0.17134.523_none_fb409dd930672a56\COMCTL32.dll
0x00007ffa600d0000 - 0x00007ffa603f2000 	C:\WINDOWS\System32\combase.dll
0x00007ffa5f4d0000 - 0x00007ffa5f54a000 	C:\WINDOWS\System32\bcryptPrimitives.dll
0x00007ffa62000000 - 0x00007ffa6202d000 	C:\WINDOWS\System32\IMM32.DLL
0x00007ffa5e4b0000 - 0x00007ffa5e4e6000 	C:\WINDOWS\system32\DriverStore\FileRepository\nvsmi.inf_amd64_092a08b666958864\nvinitx.dll
0x00007ffa5e4a0000 - 0x00007ffa5e4aa000 	C:\WINDOWS\SYSTEM32\VERSION.dll
0x00007ffa60bc0000 - 0x00007ffa62000000 	C:\WINDOWS\System32\Shell32.dll
0x00007ffa5ed70000 - 0x00007ffa5edb9000 	C:\WINDOWS\System32\cfgmgr32.dll
0x00007ffa60480000 - 0x00007ffa60529000 	C:\WINDOWS\System32\shcore.dll
0x00007ffa5edc0000 - 0x00007ffa5f4cd000 	C:\WINDOWS\System32\windows.storage.dll
0x00007ffa5f890000 - 0x00007ffa5f8e1000 	C:\WINDOWS\System32\shlwapi.dll
0x00007ffa5e5f0000 - 0x00007ffa5e601000 	C:\WINDOWS\System32\kernel.appcore.dll
0x00007ffa5e610000 - 0x00007ffa5e62f000 	C:\WINDOWS\System32\profapi.dll
0x00007ffa5e660000 - 0x00007ffa5e6ac000 	C:\WINDOWS\System32\powrprof.dll
0x00007ffa5e630000 - 0x00007ffa5e63a000 	C:\WINDOWS\System32\FLTLIB.DLL
0x00000000541f0000 - 0x00000000541f6000 	C:\Program Files\NVIDIA Corporation\CoProcManager\_etoured.dll
0x00007ffa5b6c0000 - 0x00007ffa5b703000 	C:\Program Files\NVIDIA Corporation\CoProcManager\nvd3d9wrapx.dll
0x00007ffa5fae0000 - 0x00007ffa5ff2b000 	C:\WINDOWS\System32\SETUPAPI.dll
0x00007ffa5a9b0000 - 0x00007ffa5a9dd000 	C:\Program Files\NVIDIA Corporation\CoProcManager\nvdxgiwrapx.dll
0x0000000053f40000 - 0x0000000054012000 	C:\Program Files\Android\Android Studio\jre\jre\bin\msvcr100.dll
0x0000000052250000 - 0x0000000052a91000 	C:\Program Files\Android\Android Studio\jre\jre\bin\server\jvm.dll
0x00007ffa622a0000 - 0x00007ffa622a8000 	C:\WINDOWS\System32\PSAPI.DLL
0x00007ffa59e30000 - 0x00007ffa59e39000 	C:\WINDOWS\SYSTEM32\WSOCK32.dll
0x00007ffa62230000 - 0x00007ffa6229c000 	C:\WINDOWS\System32\WS2_32.dll
0x00007ffa5b690000 - 0x00007ffa5b6b3000 	C:\WINDOWS\SYSTEM32\WINMM.dll
0x00007ffa5b660000 - 0x00007ffa5b68a000 	C:\WINDOWS\SYSTEM32\WINMMBASE.dll
0x00007ffa59e20000 - 0x00007ffa59e2f000 	C:\Program Files\Android\Android Studio\jre\jre\bin\verify.dll
0x00007ffa57ab0000 - 0x00007ffa57ad9000 	C:\Program Files\Android\Android Studio\jre\jre\bin\java.dll
0x00007ffa57a50000 - 0x00007ffa57a66000 	C:\Program Files\Android\Android Studio\jre\jre\bin\zip.dll
0x00007ffa57a30000 - 0x00007ffa57a4a000 	C:\Program Files\Android\Android Studio\jre\jre\bin\net.dll
0x00007ffa5ddc0000 - 0x00007ffa5de26000 	C:\WINDOWS\system32\mswsock.dll
0x00007ffa57a10000 - 0x00007ffa57a21000 	C:\Program Files\Android\Android Studio\jre\jre\bin\nio.dll
0x00007ffa54a30000 - 0x00007ffa54a4e000 	C:\Users\tomas\.gradle\native\25\windows-amd64\native-platform.dll
0x00007ffa59e10000 - 0x00007ffa59e1d000 	C:\Program Files\Android\Android Studio\jre\jre\bin\management.dll
0x00007ffa5df70000 - 0x00007ffa5df87000 	C:\WINDOWS\SYSTEM32\CRYPTSP.dll
0x00007ffa5d9a0000 - 0x00007ffa5d9d3000 	C:\WINDOWS\system32\rsaenh.dll
0x00007ffa5e0a0000 - 0x00007ffa5e0c5000 	C:\WINDOWS\SYSTEM32\bcrypt.dll
0x00007ffa5e520000 - 0x00007ffa5e548000 	C:\WINDOWS\SYSTEM32\USERENV.dll
0x00007ffa5df90000 - 0x00007ffa5df9b000 	C:\WINDOWS\SYSTEM32\CRYPTBASE.dll
0x00007ffa5db40000 - 0x00007ffa5db78000 	C:\WINDOWS\SYSTEM32\IPHLPAPI.DLL
0x00007ffa60820000 - 0x00007ffa60828000 	C:\WINDOWS\System32\NSI.dll
0x00007ffa58550000 - 0x00007ffa58566000 	C:\WINDOWS\SYSTEM32\dhcpcsvc6.DLL
0x00007ffa58530000 - 0x00007ffa5854a000 	C:\WINDOWS\SYSTEM32\dhcpcsvc.DLL

VM Arguments:
jvm_args: -Xmx1536m -Dfile.encoding=windows-1250 -Duser.country=PL -Duser.language=pl -Duser.variant 
java_command: org.gradle.launcher.daemon.bootstrap.GradleDaemon 4.6
java_class_path (initial): C:\Users\tomas\.gradle\wrapper\dists\gradle-4.6-all\bcst21l2brirad8k2ben1letg\gradle-4.6\lib\gradle-launcher-4.6.jar
Launcher Type: SUN_STANDARD

Environment Variables:
PATH=C:\ProgramData\Oracle\Java\javapath;C:\Program Files\NVIDIA GPU Computing Toolkit\CUDA\v9.0\bin;C:\Program Files\NVIDIA GPU Computing Toolkit\CUDA\v9.0\libnvvp;C:\Program Files\NVIDIA GPU Computing Toolkit\CUDA\v9.1\bin;C:\Program Files\NVIDIA GPU Computing Toolkit\CUDA\v9.1\libnvvp;C:\WINDOWS\system32;C:\WINDOWS;C:\WINDOWS\System32\Wbem;C:\WINDOWS\System32\WindowsPowerShell\v1.0\;C:\Program Files (x86)\NVIDIA Corporation\PhysX\Common;T:\Programy\Git\cmd;T:\Programy\MATLAB\R2018a\bin;C:\WINDOWS\system32;C:\WINDOWS;C:\WINDOWS\System32\Wbem;C:\WINDOWS\System32\WindowsPowerShell\v1.0\;C:\WINDOWS\System32\OpenSSH\;C:\Program Files\MySQL\MySQL Server 8.0\bin;C:\Python\Python37\Scripts\;C:\Python\Python37\;T:\Programy\Python\Scripts\;T:\Programy\Python\;C:\Users\tomas\AppData\Local\Microsoft\WindowsApps;
USERNAME=tomas
OS=Windows_NT
PROCESSOR_IDENTIFIER=Intel64 Family 6 Model 42 Stepping 7, GenuineIntel



---------------  S Y S T E M  ---------------

OS: Windows 10.0 , 64 bit Build 17134 (10.0.17134.1)

CPU:total 4 (initial active 4) (2 cores per cpu, 2 threads per core) family 6 model 42 stepping 7, cmov, cx8, fxsr, mmx, sse, sse2, sse3, ssse3, sse4.1, sse4.2, popcnt, avx, aes, clmul, ht, tsc, tscinvbit

Memory: 4k page, physical 8300084k(3894160k free), swap 9610804k(3851380k free)

vm_info: OpenJDK 64-Bit Server VM (25.152-b06) for windows-amd64 JRE (1.8.0_152-release-1136-b06), built by "builder" with MS VC++ 10.0 (VS2010)

time: Sat Jan 12 00:35:50 2019
elapsed time: 7 seconds (0d 0h 0m 7s)

