#
# A fatal error has been detected by the Java Runtime Environment:
#
#  EXCEPTION_ACCESS_VIOLATION (0xc0000005) at pc=0x00000000527312ed, pid=2968, tid=0x00000000000024a0
#
# JRE version: OpenJDK Runtime Environment (8.0_152-b06) (build 1.8.0_152-release-1136-b06)
# Java VM: OpenJDK 64-Bit Server VM (25.152-b06 mixed mode windows-amd64 compressed oops)
# Problematic frame:
# V  [jvm.dll+0x4e12ed]
#
# Failed to write core dump. Minidumps are not enabled by default on client versions of Windows
#
# If you would like to submit a bug report, please visit:
#   http://bugreport.java.com/bugreport/crash.jsp
#

---------------  T H R E A D  ---------------

Current thread (0x00000000165c0000):  JavaThread "C2 CompilerThread1" daemon [_thread_in_native, id=9376, stack(0x0000000017d20000,0x0000000017e20000)]

siginfo: ExceptionCode=0xc0000005, reading address 0x000008001eb094e0

Registers:
RAX=0x00000000196162d0, RBX=0x0000000000000001, RCX=0x00000000000057ab, RDX=0x000008001eb094b8
RSP=0x0000000017e1c1c0, RBP=0x0000000017e1c2c0, RSI=0x0000000000000008, RDI=0x000000001eab6730
R8 =0x0000000000002cac, R9 =0x0000000000002cac, R10=0x0000000000000001, R11=0x000000000000001c
R12=0x000000001eab6740, R13=0x000000001e52bb90, R14=0x0000000017e1c8b0, R15=0x000000001ebd27a8
RIP=0x00000000527312ed, EFLAGS=0x0000000000010202

Top of Stack: (sp=0x0000000017e1c1c0)
0x0000000017e1c1c0:   00000000529e4500 0000000000000018
0x0000000017e1c1d0:   0000000000000018 0000000000000005
0x0000000017e1c1e0:   0000000000003b42 000000001be01020
0x0000000017e1c1f0:   000000001d1ee360 0000000017e1c480
0x0000000017e1c200:   0000000000000005 0000000000000004
0x0000000017e1c210:   0000000000000008 000000001eab6730
0x0000000017e1c220:   0000000000000001 0000000000000001
0x0000000017e1c230:   0000000000000000 0000000100000007
0x0000000017e1c240:   0000328500000000 0000000017e1c590
0x0000000017e1c250:   000000000000000f 000000001ef82940
0x0000000017e1c260:   0000000000000002 0000328500000007
0x0000000017e1c270:   0000000017e1c590 000000000000000f
0x0000000017e1c280:   000000001ef9a910 0000000000000c50
0x0000000017e1c290:   000000001e52bb90 0000000018745b10
0x0000000017e1c2a0:   ffffffffe41fe540 00000000000003d8
0x0000000017e1c2b0:   0000000018745ee8 0000000018745b00 

Instructions: (pc=0x00000000527312ed)
0x00000000527312cd:   b7 47 2e 83 e0 01 4c 89 6d d0 89 45 00 74 64 8b
0x00000000527312dd:   d8 49 8b 47 08 48 8b 14 d8 49 8b 86 28 01 00 00
0x00000000527312ed:   48 63 4a 28 44 3b 04 88 75 49 49 8b cf e8 b1 a0
0x00000000527312fd:   ff ff 4d 8b 5f 08 49 8b 0c db 48 85 c9 74 29 4c 


Register to memory mapping:

RAX=0x00000000196162d0 is an unknown value
RBX=0x0000000000000001 is an unknown value
RCX=0x00000000000057ab is an unknown value
RDX=0x000008001eb094b8 is an unknown value
RSP=0x0000000017e1c1c0 is pointing into the stack for thread: 0x00000000165c0000
RBP=0x0000000017e1c2c0 is pointing into the stack for thread: 0x00000000165c0000
RSI=0x0000000000000008 is an unknown value
RDI=0x000000001eab6730 is an unknown value
R8 =0x0000000000002cac is an unknown value
R9 =0x0000000000002cac is an unknown value
R10=0x0000000000000001 is an unknown value
R11=0x000000000000001c is an unknown value
R12=0x000000001eab6740 is an unknown value
R13=0x000000001e52bb90 is an unknown value
R14=0x0000000017e1c8b0 is pointing into the stack for thread: 0x00000000165c0000
R15=0x000000001ebd27a8 is an unknown value


Stack: [0x0000000017d20000,0x0000000017e20000],  sp=0x0000000017e1c1c0,  free space=1008k
Native frames: (J=compiled Java code, j=interpreted, Vv=VM code, C=native code)
V  [jvm.dll+0x4e12ed]
V  [jvm.dll+0x434cc2]
V  [jvm.dll+0x43f99b]
V  [jvm.dll+0x44226e]
V  [jvm.dll+0x4252c2]
V  [jvm.dll+0x813d8]
V  [jvm.dll+0x81d0f]
V  [jvm.dll+0x21d41f]
V  [jvm.dll+0x26d9aa]
C  [msvcr100.dll+0x21d9f]
C  [msvcr100.dll+0x21e3b]
C  [KERNEL32.DLL+0x13034]
C  [ntdll.dll+0x73691]


Current CompileTask:
C2:   5287 1748   !   4       java.net.URLClassLoader$1::run (63 bytes)


---------------  P R O C E S S  ---------------

Java Threads: ( => current thread )
  0x0000000019bc5800 JavaThread "Cache worker for file hash cache (T:\Workspace\AndroidStudioProjects\Telm\.gradle\4.6\fileHashes)" [_thread_blocked, id=8308, stack(0x000000001c150000,0x000000001c250000)]
  0x0000000019ac4800 JavaThread "File lock request listener" [_thread_in_native, id=9004, stack(0x000000001b080000,0x000000001b180000)]
  0x0000000019504800 JavaThread "Cache worker for file hash cache (C:\Users\tomas\.gradle\caches\4.6\fileHashes)" [_thread_blocked, id=800, stack(0x000000001af80000,0x000000001b080000)]
  0x000000001939d000 JavaThread "Stdin handler" [_thread_blocked, id=13048, stack(0x000000001ac80000,0x000000001ad80000)]
  0x0000000019399800 JavaThread "Asynchronous log dispatcher for DefaultDaemonConnection: socket connection from /127.0.0.1:53188 to /127.0.0.1:53189" [_thread_blocked, id=13200, stack(0x000000001ab80000,0x000000001ac80000)]
  0x0000000019397000 JavaThread "Daemon worker" [_thread_in_vm, id=12800, stack(0x000000001aa80000,0x000000001ab80000)]
  0x00000000193a3800 JavaThread "Cancel handler" [_thread_blocked, id=11104, stack(0x000000001a980000,0x000000001aa80000)]
  0x0000000019785000 JavaThread "Handler for socket connection from /127.0.0.1:53188 to /127.0.0.1:53189" [_thread_in_native, id=4700, stack(0x000000001a680000,0x000000001a780000)]
  0x0000000019784000 JavaThread "Daemon" [_thread_blocked, id=9584, stack(0x000000001a580000,0x000000001a680000)]
  0x000000001932f000 JavaThread "Daemon periodic checks" [_thread_blocked, id=2156, stack(0x000000001a480000,0x000000001a580000)]
  0x000000001932c800 JavaThread "Incoming local TCP Connector on port 53188" [_thread_in_native, id=7472, stack(0x000000001a230000,0x000000001a330000)]
  0x0000000017f47000 JavaThread "Service Thread" daemon [_thread_blocked, id=12664, stack(0x0000000018320000,0x0000000018420000)]
  0x00000000165c3800 JavaThread "C1 CompilerThread2" daemon [_thread_blocked, id=9040, stack(0x0000000017e20000,0x0000000017f20000)]
=>0x00000000165c0000 JavaThread "C2 CompilerThread1" daemon [_thread_in_native, id=9376, stack(0x0000000017d20000,0x0000000017e20000)]
  0x00000000165bc000 JavaThread "C2 CompilerThread0" daemon [_thread_in_native, id=5412, stack(0x0000000017c20000,0x0000000017d20000)]
  0x00000000165bb000 JavaThread "Attach Listener" daemon [_thread_blocked, id=9664, stack(0x0000000017b20000,0x0000000017c20000)]
  0x00000000165ba000 JavaThread "Signal Dispatcher" daemon [_thread_blocked, id=3408, stack(0x0000000017a20000,0x0000000017b20000)]
  0x00000000165a8800 JavaThread "Finalizer" daemon [_thread_blocked, id=8440, stack(0x0000000017810000,0x0000000017910000)]
  0x0000000002c44000 JavaThread "Reference Handler" daemon [_thread_blocked, id=556, stack(0x0000000017710000,0x0000000017810000)]
  0x0000000002b4e800 JavaThread "main" [_thread_blocked, id=1232, stack(0x00000000029a0000,0x0000000002aa0000)]

Other Threads:
  0x0000000016585800 VMThread [stack: 0x0000000017610000,0x0000000017710000] [id=11324]
  0x0000000017f47800 WatcherThread [stack: 0x0000000018420000,0x0000000018520000] [id=10380]

VM state:not at safepoint (normal execution)

VM Mutex/Monitor currently owned by a thread: None

Heap:
 PSYoungGen      total 71680K, used 47838K [0x00000000e0000000, 0x00000000e9600000, 0x0000000100000000)
  eden space 66560K, 71% used [0x00000000e0000000,0x00000000e2eb7830,0x00000000e4100000)
  from space 5120K, 0% used [0x00000000e4100000,0x00000000e4100000,0x00000000e4600000)
  to   space 10240K, 0% used [0x00000000e8c00000,0x00000000e8c00000,0x00000000e9600000)
 ParOldGen       total 58880K, used 8217K [0x00000000a0000000, 0x00000000a3980000, 0x00000000e0000000)
  object space 58880K, 13% used [0x00000000a0000000,0x00000000a0806450,0x00000000a3980000)
 Metaspace       used 25545K, capacity 26014K, committed 26160K, reserved 1071104K
  class space    used 3469K, capacity 3630K, committed 3632K, reserved 1048576K

Card table byte_map: [0x0000000012010000,0x0000000012320000] byte_map_base: 0x0000000011b10000

Marking Bits: (ParMarkBitMap*) 0x0000000052a15aa0
 Begin Bits: [0x0000000012920000, 0x0000000014120000)
 End Bits:   [0x0000000014120000, 0x0000000015920000)

Polling page: 0x0000000000fc0000

CodeCache: size=245760Kb used=7850Kb max_used=7850Kb free=237909Kb
 bounds [0x0000000002c50000, 0x0000000003400000, 0x0000000011c50000]
 total_blobs=2634 nmethods=1989 adapters=558
 compilation: enabled

Compilation events (10 events):
Event: 5.224 Thread 0x00000000165c3800 1999       3       org.objectweb.asm.ClassWriter::newNameTypeItem (71 bytes)
Event: 5.225 Thread 0x00000000165c3800 nmethod 1999 0x00000000033f9290 code [0x00000000033f9460, 0x00000000033f9978]
Event: 5.225 Thread 0x00000000165c3800 1997       3       org.objectweb.asm.MethodWriter::visitInsn (114 bytes)
Event: 5.225 Thread 0x00000000165c3800 nmethod 1997 0x00000000033f9c50 code [0x00000000033f9e00, 0x00000000033fa2e8]
Event: 5.225 Thread 0x00000000165c3800 2002       3       org.objectweb.asm.Type::getMethodDescriptor (53 bytes)
Event: 5.227 Thread 0x00000000165c3800 nmethod 2002 0x00000000033fa4d0 code [0x00000000033fa740, 0x00000000033fb748]
Event: 5.227 Thread 0x00000000165c3800 1994       3       org.objectweb.asm.MethodWriter::<init> (247 bytes)
Event: 5.228 Thread 0x00000000165c3800 nmethod 1994 0x00000000033fc250 code [0x00000000033fc480, 0x00000000033fd088]
Event: 5.228 Thread 0x00000000165c3800 2001       3       sun.net.www.protocol.file.Handler::parseURL (18 bytes)
Event: 5.229 Thread 0x00000000165c3800 nmethod 2001 0x00000000033fd750 code [0x00000000033fd8c0, 0x00000000033fdb38]

GC Heap History (10 events):
Event: 2.597 GC heap before
{Heap before GC invocations=2 (full 0):
 PSYoungGen      total 38400K, used 37598K [0x00000000e0000000, 0x00000000e2a80000, 0x0000000100000000)
  eden space 33280K, 100% used [0x00000000e0000000,0x00000000e2080000,0x00000000e2080000)
  from space 5120K, 84% used [0x00000000e2080000,0x00000000e24b7908,0x00000000e2580000)
  to   space 5120K, 0% used [0x00000000e2580000,0x00000000e2580000,0x00000000e2a80000)
 ParOldGen       total 87552K, used 8K [0x00000000a0000000, 0x00000000a5580000, 0x00000000e0000000)
  object space 87552K, 0% used [0x00000000a0000000,0x00000000a0002000,0x00000000a5580000)
 Metaspace       used 10830K, capacity 11028K, committed 11264K, reserved 1058816K
  class space    used 1420K, capacity 1522K, committed 1536K, reserved 1048576K
Event: 2.607 GC heap after
Heap after GC invocations=2 (full 0):
 PSYoungGen      total 38400K, used 5116K [0x00000000e0000000, 0x00000000e2a80000, 0x0000000100000000)
  eden space 33280K, 0% used [0x00000000e0000000,0x00000000e0000000,0x00000000e2080000)
  from space 5120K, 99% used [0x00000000e2580000,0x00000000e2a7f1f8,0x00000000e2a80000)
  to   space 5120K, 0% used [0x00000000e2080000,0x00000000e2080000,0x00000000e2580000)
 ParOldGen       total 87552K, used 183K [0x00000000a0000000, 0x00000000a5580000, 0x00000000e0000000)
  object space 87552K, 0% used [0x00000000a0000000,0x00000000a002df20,0x00000000a5580000)
 Metaspace       used 10830K, capacity 11028K, committed 11264K, reserved 1058816K
  class space    used 1420K, capacity 1522K, committed 1536K, reserved 1048576K
}
Event: 3.037 GC heap before
{Heap before GC invocations=3 (full 0):
 PSYoungGen      total 38400K, used 38396K [0x00000000e0000000, 0x00000000e2a80000, 0x0000000100000000)
  eden space 33280K, 100% used [0x00000000e0000000,0x00000000e2080000,0x00000000e2080000)
  from space 5120K, 99% used [0x00000000e2580000,0x00000000e2a7f1f8,0x00000000e2a80000)
  to   space 5120K, 0% used [0x00000000e2080000,0x00000000e2080000,0x00000000e2580000)
 ParOldGen       total 87552K, used 183K [0x00000000a0000000, 0x00000000a5580000, 0x00000000e0000000)
  object space 87552K, 0% used [0x00000000a0000000,0x00000000a002df20,0x00000000a5580000)
 Metaspace       used 14059K, capacity 14376K, committed 14464K, reserved 1060864K
  class space    used 1967K, capacity 2096K, committed 2176K, reserved 1048576K
Event: 3.045 GC heap after
Heap after GC invocations=3 (full 0):
 PSYoungGen      total 38400K, used 5104K [0x00000000e0000000, 0x00000000e4b00000, 0x0000000100000000)
  eden space 33280K, 0% used [0x00000000e0000000,0x00000000e0000000,0x00000000e2080000)
  from space 5120K, 99% used [0x00000000e2080000,0x00000000e257c030,0x00000000e2580000)
  to   space 5120K, 0% used [0x00000000e4600000,0x00000000e4600000,0x00000000e4b00000)
 ParOldGen       total 87552K, used 1962K [0x00000000a0000000, 0x00000000a5580000, 0x00000000e0000000)
  object space 87552K, 2% used [0x00000000a0000000,0x00000000a01ea9b8,0x00000000a5580000)
 Metaspace       used 14059K, capacity 14376K, committed 14464K, reserved 1060864K
  class space    used 1967K, capacity 2096K, committed 2176K, reserved 1048576K
}
Event: 3.845 GC heap before
{Heap before GC invocations=4 (full 0):
 PSYoungGen      total 38400K, used 38384K [0x00000000e0000000, 0x00000000e4b00000, 0x0000000100000000)
  eden space 33280K, 100% used [0x00000000e0000000,0x00000000e2080000,0x00000000e2080000)
  from space 5120K, 99% used [0x00000000e2080000,0x00000000e257c030,0x00000000e2580000)
  to   space 5120K, 0% used [0x00000000e4600000,0x00000000e4600000,0x00000000e4b00000)
 ParOldGen       total 87552K, used 1962K [0x00000000a0000000, 0x00000000a5580000, 0x00000000e0000000)
  object space 87552K, 2% used [0x00000000a0000000,0x00000000a01ea9b8,0x00000000a5580000)
 Metaspace       used 17268K, capacity 17610K, committed 17792K, reserved 1064960K
  class space    used 2500K, capacity 2655K, committed 2688K, reserved 1048576K
Event: 3.865 GC heap after
Heap after GC invocations=4 (full 0):
 PSYoungGen      total 71680K, used 5088K [0x00000000e0000000, 0x00000000e4b00000, 0x0000000100000000)
  eden space 66560K, 0% used [0x00000000e0000000,0x00000000e0000000,0x00000000e4100000)
  from space 5120K, 99% used [0x00000000e4600000,0x00000000e4af8040,0x00000000e4b00000)
  to   space 5120K, 0% used [0x00000000e4100000,0x00000000e4100000,0x00000000e4600000)
 ParOldGen       total 87552K, used 5201K [0x00000000a0000000, 0x00000000a5580000, 0x00000000e0000000)
  object space 87552K, 5% used [0x00000000a0000000,0x00000000a0514730,0x00000000a5580000)
 Metaspace       used 17268K, capacity 17610K, committed 17792K, reserved 1064960K
  class space    used 2500K, capacity 2655K, committed 2688K, reserved 1048576K
}
Event: 4.258 GC heap before
{Heap before GC invocations=5 (full 0):
 PSYoungGen      total 71680K, used 23404K [0x00000000e0000000, 0x00000000e4b00000, 0x0000000100000000)
  eden space 66560K, 27% used [0x00000000e0000000,0x00000000e11e3348,0x00000000e4100000)
  from space 5120K, 99% used [0x00000000e4600000,0x00000000e4af8040,0x00000000e4b00000)
  to   space 5120K, 0% used [0x00000000e4100000,0x00000000e4100000,0x00000000e4600000)
 ParOldGen       total 87552K, used 5201K [0x00000000a0000000, 0x00000000a5580000, 0x00000000e0000000)
  object space 87552K, 5% used [0x00000000a0000000,0x00000000a0514730,0x00000000a5580000)
 Metaspace       used 20782K, capacity 21192K, committed 21296K, reserved 1067008K
  class space    used 2914K, capacity 3076K, committed 3120K, reserved 1048576K
Event: 4.270 GC heap after
Heap after GC invocations=5 (full 0):
 PSYoungGen      total 71680K, used 5088K [0x00000000e0000000, 0x00000000e9600000, 0x0000000100000000)
  eden space 66560K, 0% used [0x00000000e0000000,0x00000000e0000000,0x00000000e4100000)
  from space 5120K, 99% used [0x00000000e4100000,0x00000000e45f8050,0x00000000e4600000)
  to   space 10240K, 0% used [0x00000000e8c00000,0x00000000e8c00000,0x00000000e9600000)
 ParOldGen       total 87552K, used 8107K [0x00000000a0000000, 0x00000000a5580000, 0x00000000e0000000)
  object space 87552K, 9% used [0x00000000a0000000,0x00000000a07eae78,0x00000000a5580000)
 Metaspace       used 20782K, capacity 21192K, committed 21296K, reserved 1067008K
  class space    used 2914K, capacity 3076K, committed 3120K, reserved 1048576K
}
Event: 4.270 GC heap before
{Heap before GC invocations=6 (full 1):
 PSYoungGen      total 71680K, used 5088K [0x00000000e0000000, 0x00000000e9600000, 0x0000000100000000)
  eden space 66560K, 0% used [0x00000000e0000000,0x00000000e0000000,0x00000000e4100000)
  from space 5120K, 99% used [0x00000000e4100000,0x00000000e45f8050,0x00000000e4600000)
  to   space 10240K, 0% used [0x00000000e8c00000,0x00000000e8c00000,0x00000000e9600000)
 ParOldGen       total 87552K, used 8107K [0x00000000a0000000, 0x00000000a5580000, 0x00000000e0000000)
  object space 87552K, 9% used [0x00000000a0000000,0x00000000a07eae78,0x00000000a5580000)
 Metaspace       used 20782K, capacity 21192K, committed 21296K, reserved 1067008K
  class space    used 2914K, capacity 3076K, committed 3120K, reserved 1048576K
Event: 4.315 GC heap after
Heap after GC invocations=6 (full 1):
 PSYoungGen      total 71680K, used 0K [0x00000000e0000000, 0x00000000e9600000, 0x0000000100000000)
  eden space 66560K, 0% used [0x00000000e0000000,0x00000000e0000000,0x00000000e4100000)
  from space 5120K, 0% used [0x00000000e4100000,0x00000000e4100000,0x00000000e4600000)
  to   space 10240K, 0% used [0x00000000e8c00000,0x00000000e8c00000,0x00000000e9600000)
 ParOldGen       total 58880K, used 8217K [0x00000000a0000000, 0x00000000a3980000, 0x00000000e0000000)
  object space 58880K, 13% used [0x00000000a0000000,0x00000000a0806450,0x00000000a3980000)
 Metaspace       used 20782K, capacity 21192K, committed 21296K, reserved 1067008K
  class space    used 2914K, capacity 3076K, committed 3120K, reserved 1048576K
}

Deoptimization events (10 events):
Event: 4.515 Thread 0x0000000019397000 Uncommon trap: reason=class_check action=maybe_recompile pc=0x00000000031d5ff4 method=sun.misc.URLClassPath.getLoader(I)Lsun/misc/URLClassPath$Loader; @ 239
Event: 4.834 Thread 0x0000000019397000 Uncommon trap: reason=unstable_if action=reinterpret pc=0x0000000003048420 method=java.util.HashMap.hash(Ljava/lang/Object;)I @ 1
Event: 4.953 Thread 0x0000000019397000 Uncommon trap: reason=unstable_if action=reinterpret pc=0x000000000303a1fc method=java.util.HashMap.getNode(ILjava/lang/Object;)Ljava/util/HashMap$Node; @ 53
Event: 4.953 Thread 0x0000000019397000 Uncommon trap: reason=unstable_if action=reinterpret pc=0x0000000002eb7cf0 method=java.util.HashMap.hash(Ljava/lang/Object;)I @ 1
Event: 4.953 Thread 0x0000000019397000 Uncommon trap: reason=unstable_if action=reinterpret pc=0x000000000311c020 method=java.util.HashMap.putVal(ILjava/lang/Object;Ljava/lang/Object;ZZ)Ljava/lang/Object; @ 85
Event: 4.982 Thread 0x0000000019397000 Uncommon trap: reason=class_check action=maybe_recompile pc=0x00000000031d1680 method=java.lang.reflect.Method.equals(Ljava/lang/Object;)Z @ 5
Event: 4.986 Thread 0x0000000019397000 Uncommon trap: reason=class_check action=maybe_recompile pc=0x00000000031d1680 method=java.lang.reflect.Method.equals(Ljava/lang/Object;)Z @ 5
Event: 5.088 Thread 0x0000000019397000 Uncommon trap: reason=unstable_if action=reinterpret pc=0x0000000002ee91b0 method=java.util.LinkedHashMap.afterNodeInsertion(Z)V @ 1
Event: 5.131 Thread 0x0000000019397000 Uncommon trap: reason=class_check action=maybe_recompile pc=0x00000000031d1680 method=java.lang.reflect.Method.equals(Ljava/lang/Object;)Z @ 5
Event: 5.132 Thread 0x0000000019397000 Uncommon trap: reason=class_check action=maybe_recompile pc=0x00000000031d1680 method=java.lang.reflect.Method.equals(Ljava/lang/Object;)Z @ 5

Classes redefined (0 events):
No events

Internal exceptions (10 events):
Event: 4.612 Thread 0x0000000019397000 Exception <a 'java/lang/ClassNotFoundException': org/gradle/api/internal/project/AbstractPluginAwareBeanInfo> (0x00000000e0e50738) thrown at [D:\src\AOSP-openjdk-cygwin\jdk8u\hotspot\src\share\vm\classfile\systemDictionary.cpp, line 210]
Event: 4.613 Thread 0x0000000019397000 Exception <a 'java/lang/ClassNotFoundException': org/gradle/api/internal/project/AbstractPluginAwareCustomizer> (0x00000000e0e7ae70) thrown at [D:\src\AOSP-openjdk-cygwin\jdk8u\hotspot\src\share\vm\classfile\systemDictionary.cpp, line 210]
Event: 4.617 Thread 0x0000000019397000 Exception <a 'java/lang/ClassNotFoundException': org/gradle/initialization/DefaultSettingsCustomizer> (0x00000000e0ea8d98) thrown at [D:\src\AOSP-openjdk-cygwin\jdk8u\hotspot\src\share\vm\classfile\systemDictionary.cpp, line 210]
Event: 4.642 Thread 0x0000000019397000 Exception <a 'java/lang/ClassNotFoundException': org/gradle/initialization/DefaultSettings_DecoratedCustomizer> (0x00000000e0f0de40) thrown at [D:\src\AOSP-openjdk-cygwin\jdk8u\hotspot\src\share\vm\classfile\systemDictionary.cpp, line 210]
Event: 4.672 Thread 0x0000000019397000 Exception <a 'java/lang/NoSuchMethodError': <clinit>> (0x00000000e0fc0938) thrown at [D:\src\AOSP-openjdk-cygwin\jdk8u\hotspot\src\share\vm\prims\jni.cpp, line 1613]
Event: 4.675 Thread 0x0000000019397000 Exception <a 'java/lang/NoSuchMethodError': <clinit>> (0x00000000e0fe61c0) thrown at [D:\src\AOSP-openjdk-cygwin\jdk8u\hotspot\src\share\vm\prims\jni.cpp, line 1613]
Event: 4.675 Thread 0x0000000019397000 Exception <a 'java/lang/NoSuchMethodError': <clinit>> (0x00000000e0fe7678) thrown at [D:\src\AOSP-openjdk-cygwin\jdk8u\hotspot\src\share\vm\prims\jni.cpp, line 1613]
Event: 4.675 Thread 0x0000000019397000 Exception <a 'java/lang/NoSuchMethodError': <clinit>> (0x00000000e0fe93d8) thrown at [D:\src\AOSP-openjdk-cygwin\jdk8u\hotspot\src\share\vm\prims\jni.cpp, line 1613]
Event: 4.834 Thread 0x0000000019397000 Implicit null exception at 0x0000000003048215 to 0x0000000003048411
Event: 4.953 Thread 0x0000000019397000 Implicit null exception at 0x0000000002eb7c58 to 0x0000000002eb7ce6

Events (10 events):
Event: 5.231 loading class org/gradle/plugins/ide/internal/tooling/BasicIdeaModelBuilder
Event: 5.231 loading class org/gradle/plugins/ide/internal/tooling/BasicIdeaModelBuilder done
Event: 5.231 loading class org/gradle/plugins/ide/internal/tooling/BuildInvocationsBuilder
Event: 5.231 loading class org/gradle/plugins/ide/internal/tooling/BuildInvocationsBuilder done
Event: 5.232 loading class org/gradle/tooling/internal/consumer/converters/TaskNameComparator
Event: 5.232 loading class org/gradle/tooling/internal/consumer/converters/TaskNameComparator done
Event: 5.232 loading class org/gradle/plugins/ide/internal/tooling/PublicationsBuilder
Event: 5.232 loading class org/gradle/plugins/ide/internal/tooling/PublicationsBuilder done
Event: 5.233 loading class org/gradle/plugins/ide/internal/tooling/BuildEnvironmentBuilder
Event: 5.233 loading class org/gradle/plugins/ide/internal/tooling/BuildEnvironmentBuilder done


Dynamic libraries:
0x00007ff603760000 - 0x00007ff603791000 	C:\Program Files\Android\Android Studio\jre\bin\java.exe
0x00007ffa622e0000 - 0x00007ffa624c1000 	C:\WINDOWS\SYSTEM32\ntdll.dll
0x00007ffa3c0a0000 - 0x00007ffa3c0b4000 	C:\Program Files\AVG\Antivirus\x64\aswhooka.dll
0x00007ffa5f7d0000 - 0x00007ffa5f882000 	C:\WINDOWS\System32\KERNEL32.DLL
0x00007ffa5ea40000 - 0x00007ffa5ecb3000 	C:\WINDOWS\System32\KERNELBASE.dll
0x00007ffa5f8f0000 - 0x00007ffa5f991000 	C:\WINDOWS\System32\ADVAPI32.dll
0x00007ffa62190000 - 0x00007ffa6222e000 	C:\WINDOWS\System32\msvcrt.dll
0x00007ffa60920000 - 0x00007ffa6097b000 	C:\WINDOWS\System32\sechost.dll
0x00007ffa5f9b0000 - 0x00007ffa5fad4000 	C:\WINDOWS\System32\RPCRT4.dll
0x00007ffa60a30000 - 0x00007ffa60bc0000 	C:\WINDOWS\System32\USER32.dll
0x00007ffa5f750000 - 0x00007ffa5f770000 	C:\WINDOWS\System32\win32u.dll
0x00007ffa60980000 - 0x00007ffa609a8000 	C:\WINDOWS\System32\GDI32.dll
0x00007ffa5e6b0000 - 0x00007ffa5e842000 	C:\WINDOWS\System32\gdi32full.dll
0x00007ffa5f650000 - 0x00007ffa5f6ef000 	C:\WINDOWS\System32\msvcp_win.dll
0x00007ffa5f550000 - 0x00007ffa5f64a000 	C:\WINDOWS\System32\ucrtbase.dll
0x00007ffa4c770000 - 0x00007ffa4c9d9000 	C:\WINDOWS\WinSxS\amd64_microsoft.windows.common-controls_6595b64144ccf1df_6.0.17134.523_none_fb409dd930672a56\COMCTL32.dll
0x00007ffa600d0000 - 0x00007ffa603f2000 	C:\WINDOWS\System32\combase.dll
0x00007ffa5f4d0000 - 0x00007ffa5f54a000 	C:\WINDOWS\System32\bcryptPrimitives.dll
0x00007ffa62000000 - 0x00007ffa6202d000 	C:\WINDOWS\System32\IMM32.DLL
0x00007ffa5e4b0000 - 0x00007ffa5e4e6000 	C:\WINDOWS\system32\DriverStore\FileRepository\nvsmi.inf_amd64_092a08b666958864\nvinitx.dll
0x00007ffa5e4a0000 - 0x00007ffa5e4aa000 	C:\WINDOWS\SYSTEM32\VERSION.dll
0x00007ffa60bc0000 - 0x00007ffa62000000 	C:\WINDOWS\System32\Shell32.dll
0x00007ffa5ed70000 - 0x00007ffa5edb9000 	C:\WINDOWS\System32\cfgmgr32.dll
0x00007ffa60480000 - 0x00007ffa60529000 	C:\WINDOWS\System32\shcore.dll
0x00007ffa5edc0000 - 0x00007ffa5f4cd000 	C:\WINDOWS\System32\windows.storage.dll
0x00007ffa5f890000 - 0x00007ffa5f8e1000 	C:\WINDOWS\System32\shlwapi.dll
0x00007ffa5e5f0000 - 0x00007ffa5e601000 	C:\WINDOWS\System32\kernel.appcore.dll
0x00007ffa5e610000 - 0x00007ffa5e62f000 	C:\WINDOWS\System32\profapi.dll
0x00007ffa5e660000 - 0x00007ffa5e6ac000 	C:\WINDOWS\System32\powrprof.dll
0x00007ffa5e630000 - 0x00007ffa5e63a000 	C:\WINDOWS\System32\FLTLIB.DLL
0x00000000541f0000 - 0x00000000541f6000 	C:\Program Files\NVIDIA Corporation\CoProcManager\_etoured.dll
0x00007ffa5b6c0000 - 0x00007ffa5b703000 	C:\Program Files\NVIDIA Corporation\CoProcManager\nvd3d9wrapx.dll
0x00007ffa5fae0000 - 0x00007ffa5ff2b000 	C:\WINDOWS\System32\SETUPAPI.dll
0x00007ffa5a9b0000 - 0x00007ffa5a9dd000 	C:\Program Files\NVIDIA Corporation\CoProcManager\nvdxgiwrapx.dll
0x0000000053f40000 - 0x0000000054012000 	C:\Program Files\Android\Android Studio\jre\jre\bin\msvcr100.dll
0x0000000052250000 - 0x0000000052a91000 	C:\Program Files\Android\Android Studio\jre\jre\bin\server\jvm.dll
0x00007ffa622a0000 - 0x00007ffa622a8000 	C:\WINDOWS\System32\PSAPI.DLL
0x00007ffa59e30000 - 0x00007ffa59e39000 	C:\WINDOWS\SYSTEM32\WSOCK32.dll
0x00007ffa62230000 - 0x00007ffa6229c000 	C:\WINDOWS\System32\WS2_32.dll
0x00007ffa5b690000 - 0x00007ffa5b6b3000 	C:\WINDOWS\SYSTEM32\WINMM.dll
0x00007ffa5b660000 - 0x00007ffa5b68a000 	C:\WINDOWS\SYSTEM32\WINMMBASE.dll
0x00007ffa59e20000 - 0x00007ffa59e2f000 	C:\Program Files\Android\Android Studio\jre\jre\bin\verify.dll
0x00007ffa57ab0000 - 0x00007ffa57ad9000 	C:\Program Files\Android\Android Studio\jre\jre\bin\java.dll
0x00007ffa57a50000 - 0x00007ffa57a66000 	C:\Program Files\Android\Android Studio\jre\jre\bin\zip.dll
0x00007ffa57a30000 - 0x00007ffa57a4a000 	C:\Program Files\Android\Android Studio\jre\jre\bin\net.dll
0x00007ffa5ddc0000 - 0x00007ffa5de26000 	C:\WINDOWS\system32\mswsock.dll
0x00007ffa57a10000 - 0x00007ffa57a21000 	C:\Program Files\Android\Android Studio\jre\jre\bin\nio.dll
0x00007ffa54a30000 - 0x00007ffa54a4e000 	C:\Users\tomas\.gradle\native\25\windows-amd64\native-platform.dll
0x00007ffa59e10000 - 0x00007ffa59e1d000 	C:\Program Files\Android\Android Studio\jre\jre\bin\management.dll
0x00007ffa5df70000 - 0x00007ffa5df87000 	C:\WINDOWS\SYSTEM32\CRYPTSP.dll
0x00007ffa5d9a0000 - 0x00007ffa5d9d3000 	C:\WINDOWS\system32\rsaenh.dll
0x00007ffa5e0a0000 - 0x00007ffa5e0c5000 	C:\WINDOWS\SYSTEM32\bcrypt.dll
0x00007ffa5e520000 - 0x00007ffa5e548000 	C:\WINDOWS\SYSTEM32\USERENV.dll
0x00007ffa5df90000 - 0x00007ffa5df9b000 	C:\WINDOWS\SYSTEM32\CRYPTBASE.dll
0x00007ffa5db40000 - 0x00007ffa5db78000 	C:\WINDOWS\SYSTEM32\IPHLPAPI.DLL
0x00007ffa60820000 - 0x00007ffa60828000 	C:\WINDOWS\System32\NSI.dll
0x00007ffa58550000 - 0x00007ffa58566000 	C:\WINDOWS\SYSTEM32\dhcpcsvc6.DLL
0x00007ffa58530000 - 0x00007ffa5854a000 	C:\WINDOWS\SYSTEM32\dhcpcsvc.DLL
0x00007ffa56de0000 - 0x00007ffa56fa9000 	C:\WINDOWS\SYSTEM32\dbghelp.dll

VM Arguments:
jvm_args: -Xmx1536m -Dfile.encoding=windows-1250 -Duser.country=PL -Duser.language=pl -Duser.variant 
java_command: org.gradle.launcher.daemon.bootstrap.GradleDaemon 4.6
java_class_path (initial): C:\Users\tomas\.gradle\wrapper\dists\gradle-4.6-all\bcst21l2brirad8k2ben1letg\gradle-4.6\lib\gradle-launcher-4.6.jar
Launcher Type: SUN_STANDARD

Environment Variables:
PATH=C:\ProgramData\Oracle\Java\javapath;C:\Program Files\NVIDIA GPU Computing Toolkit\CUDA\v9.0\bin;C:\Program Files\NVIDIA GPU Computing Toolkit\CUDA\v9.0\libnvvp;C:\Program Files\NVIDIA GPU Computing Toolkit\CUDA\v9.1\bin;C:\Program Files\NVIDIA GPU Computing Toolkit\CUDA\v9.1\libnvvp;C:\WINDOWS\system32;C:\WINDOWS;C:\WINDOWS\System32\Wbem;C:\WINDOWS\System32\WindowsPowerShell\v1.0\;C:\Program Files (x86)\NVIDIA Corporation\PhysX\Common;T:\Programy\Git\cmd;T:\Programy\MATLAB\R2018a\bin;C:\WINDOWS\system32;C:\WINDOWS;C:\WINDOWS\System32\Wbem;C:\WINDOWS\System32\WindowsPowerShell\v1.0\;C:\WINDOWS\System32\OpenSSH\;C:\Program Files\MySQL\MySQL Server 8.0\bin;C:\Python\Python37\Scripts\;C:\Python\Python37\;T:\Programy\Python\Scripts\;T:\Programy\Python\;C:\Users\tomas\AppData\Local\Microsoft\WindowsApps;
USERNAME=tomas
OS=Windows_NT
PROCESSOR_IDENTIFIER=Intel64 Family 6 Model 42 Stepping 7, GenuineIntel



---------------  S Y S T E M  ---------------

OS: Windows 10.0 , 64 bit Build 17134 (10.0.17134.1)

CPU:total 4 (initial active 4) (2 cores per cpu, 2 threads per core) family 6 model 42 stepping 7, cmov, cx8, fxsr, mmx, sse, sse2, sse3, ssse3, sse4.1, sse4.2, popcnt, avx, aes, clmul, ht, tsc, tscinvbit

Memory: 4k page, physical 8300084k(3905720k free), swap 9610804k(3797936k free)

vm_info: OpenJDK 64-Bit Server VM (25.152-b06) for windows-amd64 JRE (1.8.0_152-release-1136-b06), built by "builder" with MS VC++ 10.0 (VS2010)

time: Sat Jan 12 00:36:09 2019
elapsed time: 5 seconds (0d 0h 0m 5s)

